USA HOT CHICKS
TYPHOONS
TULIPS
TOUCANS
TIGERS
TERRIFIC TIGERS
TEAM USA
TEAL TITANS
TANGERINES
SURGE
SUNKISSED
SUGER BEES
STRIKE FORCE
STARFISH
SPRINTERS
SPEEDY TURTLES
SPARKS
SOUR APPLE
SNOW DEVILS
SMASHING CLOVERS
SILVER SURFERS
SILVER SHARKS
SILVER BUTTERFLIES
SHARK ATTACK
SCREAMING EAGLES
SABOTAGE
MONARCHS
MILLENNIUM JUMPERS
MIGHTY RAPTORS
MIGHTY GRASSHOPPERS
MENEHUNES
MASTER MEWTWO
MANTIS
MAGENTA RAVENS
FUGITIVES
FLYERS
FIRE KRAKERS
FIRE CRACKER
FIRE STRIKERS
FIRE ANGELS
FEISTY CHICKS
AWESOME BLOSSOMS
ATLAS
ANTEATERS
AMERICAN WOMAN
ALMOST ANGELS
AGUlLAS
Cei 4 fantastici
Winner
Monster
L & M
Pic si Poc
Do Not Stop
Savage
Night Eagels
4Team
Jiga Dragos
Ferocious Killers
The Abusement Park
Gangs of New Pork
Awkward Armadillos
Fargo Woodchippers
We Got the Runs
The Waiver Wire

--- ROUND NO:1
USA HOT CHICKS                   -                         TYPHOONS
TULIPS                           -                          TOUCANS
TIGERS                           -                  TERRIFIC TIGERS
TEAM USA                         -                      TEAL TITANS
TANGERINES                       -                            SURGE
SUNKISSED                        -                       SUGER BEES
STRIKE FORCE                     -                         STARFISH
SPRINTERS                        -                   SPEEDY TURTLES
SPARKS                           -                       SOUR APPLE
SNOW DEVILS                      -                 SMASHING CLOVERS
SILVER SURFERS                   -                    SILVER SHARKS
SILVER BUTTERFLIES               -                     SHARK ATTACK
SCREAMING EAGLES                 -                         SABOTAGE
MONARCHS                         -               MILLENNIUM JUMPERS
MIGHTY RAPTORS                   -              MIGHTY GRASSHOPPERS
MENEHUNES                        -                    MASTER MEWTWO
MANTIS                           -                   MAGENTA RAVENS
FUGITIVES                        -                           FLYERS
FIRE KRAKERS                     -                     FIRE CRACKER
FIRE STRIKERS                    -                      FIRE ANGELS
FEISTY CHICKS                    -                 AWESOME BLOSSOMS
ATLAS                            -                        ANTEATERS
AMERICAN WOMAN                   -                    ALMOST ANGELS
AGUlLAS                          -                 Cei 4 fantastici
Winner                           -                          Monster
L & M                            -                       Pic si Poc
Do Not Stop                      -                           Savage
Night Eagels                     -                            4Team
Jiga Dragos                      -                Ferocious Killers
The Abusement Park               -                Gangs of New Pork
Awkward Armadillos               -               Fargo Woodchippers
We Got the Runs                  -                  The Waiver Wire

WINNERS OF ROUND NO:1
The Waiver Wire                   -  5.83
Fargo Woodchippers                -  7.33
The Abusement Park                -  8.67
Ferocious Killers                 -  8.33
Night Eagels                      -  7.00
Savage                            -  6.00
L & M                             -  7.00
Winner                            -  8.33
Cei 4 fantastici                  -  7.50
AMERICAN WOMAN                    -  7.83
ATLAS                             -  7.67
FEISTY CHICKS                     -  7.17
FIRE ANGELS                       -  7.33
FIRE KRAKERS                      -  6.83
FUGITIVES                         -  6.17
MAGENTA RAVENS                    -  7.17
MASTER MEWTWO                     -  6.67
MIGHTY GRASSHOPPERS               -  7.67
MILLENNIUM JUMPERS                -  6.83
SCREAMING EAGLES                  -  7.17
SILVER BUTTERFLIES                -  6.00
SILVER SHARKS                     -  6.17
SNOW DEVILS                       -  6.17
SPARKS                            -  7.17
SPRINTERS                         -  9.50
STRIKE FORCE                      -  8.33
SUNKISSED                         -  6.50
SURGE                             -  6.67
TEAL TITANS                       -  8.67
TERRIFIC TIGERS                   -  8.50
TULIPS                            -  7.17
USA HOT CHICKS                    -  7.00

--- ROUND NO:2
The Waiver Wire                  -               Fargo Woodchippers
The Abusement Park               -                Ferocious Killers
Night Eagels                     -                           Savage
L & M                            -                           Winner
Cei 4 fantastici                 -                   AMERICAN WOMAN
ATLAS                            -                    FEISTY CHICKS
FIRE ANGELS                      -                     FIRE KRAKERS
FUGITIVES                        -                   MAGENTA RAVENS
MASTER MEWTWO                    -              MIGHTY GRASSHOPPERS
MILLENNIUM JUMPERS               -                 SCREAMING EAGLES
SILVER BUTTERFLIES               -                    SILVER SHARKS
SNOW DEVILS                      -                           SPARKS
SPRINTERS                        -                     STRIKE FORCE
SUNKISSED                        -                            SURGE
TEAL TITANS                      -                  TERRIFIC TIGERS
TULIPS                           -                   USA HOT CHICKS

WINNERS OF ROUND NO:2
TULIPS                            -  8.17
TEAL TITANS                       -  9.67
SURGE                             -  7.67
SPRINTERS                         -  10.50
SPARKS                            -  8.17
SILVER SHARKS                     -  7.17
SCREAMING EAGLES                  -  8.17
MIGHTY GRASSHOPPERS               -  8.67
MAGENTA RAVENS                    -  8.17
FIRE ANGELS                       -  8.33
ATLAS                             -  8.67
AMERICAN WOMAN                    -  8.83
Winner                            -  9.33
Night Eagels                      -  8.00
The Abusement Park                -  9.67
Fargo Woodchippers                -  8.33

--- ROUND NO:3
TULIPS                           -                      TEAL TITANS
SURGE                            -                        SPRINTERS
SPARKS                           -                    SILVER SHARKS
SCREAMING EAGLES                 -              MIGHTY GRASSHOPPERS
MAGENTA RAVENS                   -                      FIRE ANGELS
ATLAS                            -                   AMERICAN WOMAN
Winner                           -                     Night Eagels
The Abusement Park               -               Fargo Woodchippers

WINNERS OF ROUND NO:3
The Abusement Park                -  10.67
Winner                            -  10.33
AMERICAN WOMAN                    -  9.83
FIRE ANGELS                       -  9.33
MIGHTY GRASSHOPPERS               -  9.67
SPARKS                            -  9.17
SPRINTERS                         -  11.50
TEAL TITANS                       -  10.67

--- ROUND NO:4
The Abusement Park               -                           Winner
AMERICAN WOMAN                   -                      FIRE ANGELS
MIGHTY GRASSHOPPERS              -                           SPARKS
SPRINTERS                        -                      TEAL TITANS

WINNERS OF ROUND NO:4
SPRINTERS                         -  12.50
MIGHTY GRASSHOPPERS               -  10.67
AMERICAN WOMAN                    -  10.83
The Abusement Park                -  11.67

--- ROUND NO:5
SPRINTERS                        -              MIGHTY GRASSHOPPERS
AMERICAN WOMAN                   -               The Abusement Park

WINNERS OF ROUND NO:5
The Abusement Park                -  12.67
SPRINTERS                         -  13.50

--- ROUND NO:6
The Abusement Park               -                        SPRINTERS

WINNERS OF ROUND NO:6
SPRINTERS                         -  14.50

TOP 8 TEAMS:
SPRINTERS                         -  11.50
The Abusement Park                -  10.67
TEAL TITANS                       -  10.67
Winner                            -  10.33
AMERICAN WOMAN                    -  9.83
MIGHTY GRASSHOPPERS               -  9.67
FIRE ANGELS                       -  9.33
SPARKS                            -  9.17
