VELOCE CHICKS
USA HOT CHICKS
UN MELLOW YELLOW
TYPHOONS
TULIPS
TROPICAL STORM
TOUCANS
TONYs TIGERSSS
TITANS
TIGERS
TIDAL WAVES
TERRIFIC TIGERS
TEH DRAGONS
TEAM USA
TEAM DYNAMITE
TEAL TITANS
TAZMANIACS
TANGERINES
T -BIRDS
SURGE
SUPER STARS
SUPER GIRLS
SUNKISSED
SUN CHICKS
SUGER BEES
STRIKING COBRAS
STRIKE FORCE
STINKY CHEESE
STATIC X
STARFISH
STAR JETS MACH I
SPRINTERS
SPITFIRE
SPEEDY TURTLES
SPEED DEMONS
SPARKS
SOUL TAKERS
SOUR APPLE
SOCCER CHICKS
SOC-R-MON
SNOW DEVILS
SMASHING CLOVERS
SLIME GREEN SCORPIONS
SILVER X- TREME
SILVER SURFERS
SILVER SHARKS
SILVER KNIGHTS
SILVER BUTTERFLIES
SHOCKWAVE
SHARK ATTACK
SECURITY SMURFS
SCREAMING EAGLES
SCORING ANGELS
MUTINY
MONSOON
MONARCHS
MIRAGE
MILLENNIUM JUMPERS
MIGHTY STINGRAYS
MIGHTY RAPTORS
MIGHTY MERMAIDS
MIGHTY GRASSHOPPERS
MIDNIGHT RAIDERS
MIDNIGHT EXPRESS
MENEHUNES
MEAN GREEN FIGHTING MACHINE
MASTER MEWTWO
MAROON MADNESS
MANTIS
MAJOR TROUBLE
MAGENTA RAVENS
FURY GIRLS
FUGITIVES
FORCE
FLYERS
FLASH BACK
FLAME BOYS
FIRE KRAKERS
FLAMING HOT CHEETOS
FIRE CRACKER
FIREBIRDS
FIRE STRIKERS
FIRE BLASTERS
FIRE ANGELS
FIGHTING TIGERS
FEISTY CHICKS
FALCONS
AWESOME BLOSSOMS
ATOMS
ATLAS
ARSENAL
ANGELS GONE BAD
AMERICAN WOMAN
AMERICAN BEAUTIES
ALMOST ANGELS
ALIGATORS
AGUlLAS
Hellacious Hackers
Cei 4 fantastici
Fanstasticii
Winner
Spartanii
Monster
Albus si Galbenus
L & M
Black swans
Pic si Poc
No Fear
Do Not Stop
Free runing boys
Savage
Bestialele
Night Eagels
Fratii Caramida
4Team
MO si F.O.C.A
Land Sharks
Ferocious Killers
Young Tarts and Old Farts
The Abusement Park
Civil Disobedients
Gangs of New Pork
Magnificent Maniacs
Awkward Armadillos
Ibuprofen and Ben Gay
Fargo Woodchippers
Menace to Sobriety
The Waiver Wire

--- ROUND NO:1
VELOCE CHICKS                    -                   USA HOT CHICKS
UN MELLOW YELLOW                 -                         TYPHOONS
TULIPS                           -                   TROPICAL STORM
TOUCANS                          -                   TONYs TIGERSSS
TITANS                           -                           TIGERS
TIDAL WAVES                      -                  TERRIFIC TIGERS
TEH DRAGONS                      -                         TEAM USA
TEAM DYNAMITE                    -                      TEAL TITANS
TAZMANIACS                       -                       TANGERINES
T -BIRDS                         -                            SURGE
SUPER STARS                      -                      SUPER GIRLS
SUNKISSED                        -                       SUN CHICKS
SUGER BEES                       -                  STRIKING COBRAS
STRIKE FORCE                     -                    STINKY CHEESE
STATIC X                         -                         STARFISH
STAR JETS MACH I                 -                        SPRINTERS
SPITFIRE                         -                   SPEEDY TURTLES
SPEED DEMONS                     -                           SPARKS
SOUL TAKERS                      -                       SOUR APPLE
SOCCER CHICKS                    -                        SOC-R-MON
SNOW DEVILS                      -                 SMASHING CLOVERS
SLIME GREEN SCORPIONS            -                  SILVER X- TREME
SILVER SURFERS                   -                    SILVER SHARKS
SILVER KNIGHTS                   -               SILVER BUTTERFLIES
SHOCKWAVE                        -                     SHARK ATTACK
SECURITY SMURFS                  -                 SCREAMING EAGLES
SCORING ANGELS                   -                           MUTINY
MONSOON                          -                         MONARCHS
MIRAGE                           -               MILLENNIUM JUMPERS
MIGHTY STINGRAYS                 -                   MIGHTY RAPTORS
MIGHTY MERMAIDS                  -              MIGHTY GRASSHOPPERS
MIDNIGHT RAIDERS                 -                 MIDNIGHT EXPRESS
MENEHUNES                        -      MEAN GREEN FIGHTING MACHINE
MASTER MEWTWO                    -                   MAROON MADNESS
MANTIS                           -                    MAJOR TROUBLE
MAGENTA RAVENS                   -                       FURY GIRLS
FUGITIVES                        -                            FORCE
FLYERS                           -                       FLASH BACK
FLAME BOYS                       -                     FIRE KRAKERS
FLAMING HOT CHEETOS              -                     FIRE CRACKER
FIREBIRDS                        -                    FIRE STRIKERS
FIRE BLASTERS                    -                      FIRE ANGELS
FIGHTING TIGERS                  -                    FEISTY CHICKS
FALCONS                          -                 AWESOME BLOSSOMS
ATOMS                            -                            ATLAS
ARSENAL                          -                  ANGELS GONE BAD
AMERICAN WOMAN                   -                AMERICAN BEAUTIES
ALMOST ANGELS                    -                        ALIGATORS
AGUlLAS                          -               Hellacious Hackers
Cei 4 fantastici                 -                     Fanstasticii
Winner                           -                        Spartanii
Monster                          -                Albus si Galbenus
L & M                            -                      Black swans
Pic si Poc                       -                          No Fear
Do Not Stop                      -                 Free runing boys
Savage                           -                       Bestialele
Night Eagels                     -                  Fratii Caramida
4Team                            -                    MO si F.O.C.A
Land Sharks                      -                Ferocious Killers
Young Tarts and Old Farts        -               The Abusement Park
Civil Disobedients               -                Gangs of New Pork
Magnificent Maniacs              -               Awkward Armadillos
Ibuprofen and Ben Gay            -               Fargo Woodchippers
Menace to Sobriety               -                  The Waiver Wire

WINNERS OF ROUND NO:1
The Waiver Wire                   -  8.33
Ibuprofen and Ben Gay             -  8.67
Magnificent Maniacs               -  5.33
Civil Disobedients                -  8.67
The Abusement Park                -  10.00
Land Sharks                       -  10.00
MO si F.O.C.A                     -  8.67
Night Eagels                      -  7.33
Bestialele                        -  6.67
Free runing boys                  -  7.00
Pic si Poc                        -  5.33
L & M                             -  8.33
Albus si Galbenus                 -  5.67
Winner                            -  8.67
Fanstasticii                      -  8.00
Hellacious Hackers                -  7.67
ALMOST ANGELS                     -  7.67
AMERICAN BEAUTIES                 -  7.00
ANGELS GONE BAD                   -  10.00
ATOMS                             -  8.67
FALCONS                           -  7.33
FIGHTING TIGERS                   -  7.67
FIRE ANGELS                       -  8.67
FIRE STRIKERS                     -  6.67
FLAMING HOT CHEETOS               -  7.67
FLAME BOYS                        -  7.33
FLASH BACK                        -  5.00
FORCE                             -  6.67
MAGENTA RAVENS                    -  9.33
MANTIS                            -  7.67
MAROON MADNESS                    -  6.67
MEAN GREEN FIGHTING MACHINE       -  7.33
MIDNIGHT EXPRESS                  -  6.00
MIGHTY GRASSHOPPERS               -  9.33
MIGHTY RAPTORS                    -  5.33
MIRAGE                            -  8.33
MONARCHS                          -  6.67
MUTINY                            -  5.33
SECURITY SMURFS                   -  8.67
SHARK ATTACK                      -  7.67
SILVER BUTTERFLIES                -  6.33
SILVER SHARKS                     -  8.67
SILVER X- TREME                   -  5.33
SMASHING CLOVERS                  -  7.33
SOC-R-MON                         -  6.33
SOUL TAKERS                       -  6.00
SPEED DEMONS                      -  8.33
SPEEDY TURTLES                    -  7.33
SPRINTERS                         -  10.00
STARFISH                          -  7.67
STRIKE FORCE                      -  9.33
STRIKING COBRAS                   -  7.33
SUNKISSED                         -  8.33
SUPER STARS                       -  6.00
T -BIRDS                          -  7.00
TAZMANIACS                        -  7.00
TEAL TITANS                       -  9.00
TEH DRAGONS                       -  9.00
TIDAL WAVES                       -  10.33
TIGERS                            -  8.00
TOUCANS                           -  5.67
TULIPS                            -  10.00
UN MELLOW YELLOW                  -  6.67
VELOCE CHICKS                     -  7.33

--- ROUND NO:2
The Waiver Wire                  -            Ibuprofen and Ben Gay
Magnificent Maniacs              -               Civil Disobedients
The Abusement Park               -                      Land Sharks
MO si F.O.C.A                    -                     Night Eagels
Bestialele                       -                 Free runing boys
Pic si Poc                       -                            L & M
Albus si Galbenus                -                           Winner
Fanstasticii                     -               Hellacious Hackers
ALMOST ANGELS                    -                AMERICAN BEAUTIES
ANGELS GONE BAD                  -                            ATOMS
FALCONS                          -                  FIGHTING TIGERS
FIRE ANGELS                      -                    FIRE STRIKERS
FLAMING HOT CHEETOS              -                       FLAME BOYS
FLASH BACK                       -                            FORCE
MAGENTA RAVENS                   -                           MANTIS
MAROON MADNESS                   -      MEAN GREEN FIGHTING MACHINE
MIDNIGHT EXPRESS                 -              MIGHTY GRASSHOPPERS
MIGHTY RAPTORS                   -                           MIRAGE
MONARCHS                         -                           MUTINY
SECURITY SMURFS                  -                     SHARK ATTACK
SILVER BUTTERFLIES               -                    SILVER SHARKS
SILVER X- TREME                  -                 SMASHING CLOVERS
SOC-R-MON                        -                      SOUL TAKERS
SPEED DEMONS                     -                   SPEEDY TURTLES
SPRINTERS                        -                         STARFISH
STRIKE FORCE                     -                  STRIKING COBRAS
SUNKISSED                        -                      SUPER STARS
T -BIRDS                         -                       TAZMANIACS
TEAL TITANS                      -                      TEH DRAGONS
TIDAL WAVES                      -                           TIGERS
TOUCANS                          -                           TULIPS
UN MELLOW YELLOW                 -                    VELOCE CHICKS

WINNERS OF ROUND NO:2
VELOCE CHICKS                     -  8.33
TULIPS                            -  11.00
TIDAL WAVES                       -  11.33
TEH DRAGONS                       -  10.00
TAZMANIACS                        -  8.00
SUNKISSED                         -  9.33
STRIKE FORCE                      -  10.33
SPRINTERS                         -  11.00
SPEED DEMONS                      -  9.33
SOC-R-MON                         -  7.33
SMASHING CLOVERS                  -  8.33
SILVER SHARKS                     -  9.67
SECURITY SMURFS                   -  9.67
MONARCHS                          -  7.67
MIRAGE                            -  9.33
MIGHTY GRASSHOPPERS               -  10.33
MEAN GREEN FIGHTING MACHINE       -  8.33
MAGENTA RAVENS                    -  10.33
FORCE                             -  7.67
FLAMING HOT CHEETOS               -  8.67
FIRE ANGELS                       -  9.67
FIGHTING TIGERS                   -  8.67
ANGELS GONE BAD                   -  11.00
ALMOST ANGELS                     -  8.67
Fanstasticii                      -  9.00
Winner                            -  9.67
L & M                             -  9.33
Free runing boys                  -  8.00
MO si F.O.C.A                     -  9.67
Land Sharks                       -  11.00
Civil Disobedients                -  9.67
Ibuprofen and Ben Gay             -  9.67

--- ROUND NO:3
VELOCE CHICKS                    -                           TULIPS
TIDAL WAVES                      -                      TEH DRAGONS
TAZMANIACS                       -                        SUNKISSED
STRIKE FORCE                     -                        SPRINTERS
SPEED DEMONS                     -                        SOC-R-MON
SMASHING CLOVERS                 -                    SILVER SHARKS
SECURITY SMURFS                  -                         MONARCHS
MIRAGE                           -              MIGHTY GRASSHOPPERS
MEAN GREEN FIGHTING MACHINE      -                   MAGENTA RAVENS
FORCE                            -              FLAMING HOT CHEETOS
FIRE ANGELS                      -                  FIGHTING TIGERS
ANGELS GONE BAD                  -                    ALMOST ANGELS
Fanstasticii                     -                           Winner
L & M                            -                 Free runing boys
MO si F.O.C.A                    -                      Land Sharks
Civil Disobedients               -            Ibuprofen and Ben Gay

WINNERS OF ROUND NO:3
Ibuprofen and Ben Gay             -  10.67
Land Sharks                       -  12.00
L & M                             -  10.33
Winner                            -  10.67
ANGELS GONE BAD                   -  12.00
FIRE ANGELS                       -  10.67
FLAMING HOT CHEETOS               -  9.67
MAGENTA RAVENS                    -  11.33
MIGHTY GRASSHOPPERS               -  11.33
SECURITY SMURFS                   -  10.67
SILVER SHARKS                     -  10.67
SPEED DEMONS                      -  10.33
SPRINTERS                         -  12.00
SUNKISSED                         -  10.33
TIDAL WAVES                       -  12.33
TULIPS                            -  12.00

--- ROUND NO:4
Ibuprofen and Ben Gay            -                      Land Sharks
L & M                            -                           Winner
ANGELS GONE BAD                  -                      FIRE ANGELS
FLAMING HOT CHEETOS              -                   MAGENTA RAVENS
MIGHTY GRASSHOPPERS              -                  SECURITY SMURFS
SILVER SHARKS                    -                     SPEED DEMONS
SPRINTERS                        -                        SUNKISSED
TIDAL WAVES                      -                           TULIPS

WINNERS OF ROUND NO:4
TIDAL WAVES                       -  13.33
SPRINTERS                         -  13.00
SILVER SHARKS                     -  11.67
MIGHTY GRASSHOPPERS               -  12.33
MAGENTA RAVENS                    -  12.33
ANGELS GONE BAD                   -  13.00
Winner                            -  11.67
Land Sharks                       -  13.00

--- ROUND NO:5
TIDAL WAVES                      -                        SPRINTERS
SILVER SHARKS                    -              MIGHTY GRASSHOPPERS
MAGENTA RAVENS                   -                  ANGELS GONE BAD
Winner                           -                      Land Sharks

WINNERS OF ROUND NO:5
Land Sharks                       -  14.00
ANGELS GONE BAD                   -  14.00
MIGHTY GRASSHOPPERS               -  13.33
TIDAL WAVES                       -  14.33

--- ROUND NO:6
Land Sharks                      -                  ANGELS GONE BAD
MIGHTY GRASSHOPPERS              -                      TIDAL WAVES

WINNERS OF ROUND NO:6
TIDAL WAVES                       -  15.33
ANGELS GONE BAD                   -  15.00

--- ROUND NO:7
TIDAL WAVES                      -                  ANGELS GONE BAD

WINNERS OF ROUND NO:7
TIDAL WAVES                       -  16.33

TOP 8 TEAMS:
TIDAL WAVES                       -  13.33
SPRINTERS                         -  13.00
Land Sharks                       -  13.00
ANGELS GONE BAD                   -  13.00
MIGHTY GRASSHOPPERS               -  12.33
MAGENTA RAVENS                    -  12.33
Winner                            -  11.67
SILVER SHARKS                     -  11.67
