TYPHOONS
TOUCANS
TIGERS
TEAM USA
TANGERINES
SUPER SONIC SOCCERS
SUGER BEES
STING RAYS
SPRINTERS
SPARKS
SNOW DEVILS
SILVER SHARKS
SHOCKWAVE
SCREAMING EAGLES
MILLENNIUM JUMPERS
MIGHTY GRASSHOPPERS
MANTIS
FUGITIVES
FIRE CRACKER
FIRE ANGELS
AWESOME BLOSSOMS
ANTEATERS
ALMOST ANGELS
Cei 4 fantastici
Monster
Pic si Poc
Savage
4Team
Ferocious Killers
Gangs of New Pork
Fargo Woodchippers
The Waiver Wire

--- ROUND NO:1
TYPHOONS                         -                          TOUCANS
TIGERS                           -                         TEAM USA
TANGERINES                       -              SUPER SONIC SOCCERS
SUGER BEES                       -                       STING RAYS
SPRINTERS                        -                           SPARKS
SNOW DEVILS                      -                    SILVER SHARKS
SHOCKWAVE                        -                 SCREAMING EAGLES
MILLENNIUM JUMPERS               -              MIGHTY GRASSHOPPERS
MANTIS                           -                        FUGITIVES
FIRE CRACKER                     -                      FIRE ANGELS
AWESOME BLOSSOMS                 -                        ANTEATERS
ALMOST ANGELS                    -                 Cei 4 fantastici
Monster                          -                       Pic si Poc
Savage                           -                            4Team
Ferocious Killers                -                Gangs of New Pork
Fargo Woodchippers               -                  The Waiver Wire

WINNERS OF ROUND NO:1
Fargo Woodchippers                -  6.25
Gangs of New Pork                 -  7.58
4Team                             -  6.58
Monster                           -  7.50
ALMOST ANGELS                     -  7.58
AWESOME BLOSSOMS                  -  6.92
FIRE ANGELS                       -  7.00
MANTIS                            -  6.92
MIGHTY GRASSHOPPERS               -  6.42
SCREAMING EAGLES                  -  6.42
SILVER SHARKS                     -  5.83
SPRINTERS                         -  7.92
SUGER BEES                        -  6.42
TANGERINES                        -  7.42
TEAM USA                          -  7.83
TYPHOONS                          -  6.50

--- ROUND NO:2
Fargo Woodchippers               -                Gangs of New Pork
4Team                            -                          Monster
ALMOST ANGELS                    -                 AWESOME BLOSSOMS
FIRE ANGELS                      -                           MANTIS
MIGHTY GRASSHOPPERS              -                 SCREAMING EAGLES
SILVER SHARKS                    -                        SPRINTERS
SUGER BEES                       -                       TANGERINES
TEAM USA                         -                         TYPHOONS

WINNERS OF ROUND NO:2
TEAM USA                          -  8.83
TANGERINES                        -  8.42
SPRINTERS                         -  8.92
SCREAMING EAGLES                  -  7.42
FIRE ANGELS                       -  8.00
ALMOST ANGELS                     -  8.58
Monster                           -  8.50
Gangs of New Pork                 -  8.58

--- ROUND NO:3
TEAM USA                         -                       TANGERINES
SPRINTERS                        -                 SCREAMING EAGLES
FIRE ANGELS                      -                    ALMOST ANGELS
Monster                          -                Gangs of New Pork

WINNERS OF ROUND NO:3
Gangs of New Pork                 -  9.58
ALMOST ANGELS                     -  9.58
SPRINTERS                         -  9.92
TEAM USA                          -  9.83

--- ROUND NO:4
Gangs of New Pork                -                    ALMOST ANGELS
SPRINTERS                        -                         TEAM USA

WINNERS OF ROUND NO:4
SPRINTERS                         -  10.92
ALMOST ANGELS                     -  10.58

--- ROUND NO:5
SPRINTERS                        -                    ALMOST ANGELS

WINNERS OF ROUND NO:5
SPRINTERS                         -  11.92

TOP 8 TEAMS:
SPRINTERS                         -  8.92
TEAM USA                          -  8.83
Gangs of New Pork                 -  8.58
ALMOST ANGELS                     -  8.58
Monster                           -  8.50
TANGERINES                        -  8.42
FIRE ANGELS                       -  8.00
SCREAMING EAGLES                  -  7.42

THE LEVEL 2 TEAMS ARE: 
SPRINTERS
Gangs of New Pork
Monster
FIRE ANGELS
