TSUNAMI
TIGERS
TERMINATORS
TEAM BUBBLICIOUS
TANGERINES
SURF MONKEYS
SUGER BEES
STONE CRUSHERS
SPRINTERS
SPEED DEMONS
SPACE BABES
SILVER JETS
SERPENTS
MOHAWKS
MIGHTY GRASSHOPPERS
MEAN GREEN ALIENS
MANTIS
FUSION
FLAMING TIGERS
FIRE ANGELS
FARIA FARMS
ATOMIC ICE
AMERICAN EAGLES
ALIEN PANTHERS ALIENS
Cei 4 fantastici
TNT
Elixir Junior
4Team
Shooting Stars
Wonder Women
Gangs of New Pork
Honey Badgers

--- ROUND NO:1
TSUNAMI                          -                           TIGERS
TERMINATORS                      -                 TEAM BUBBLICIOUS
TANGERINES                       -                     SURF MONKEYS
SUGER BEES                       -                   STONE CRUSHERS
SPRINTERS                        -                     SPEED DEMONS
SPACE BABES                      -                      SILVER JETS
SERPENTS                         -                          MOHAWKS
MIGHTY GRASSHOPPERS              -                MEAN GREEN ALIENS
MANTIS                           -                           FUSION
FLAMING TIGERS                   -                      FIRE ANGELS
FARIA FARMS                      -                       ATOMIC ICE
AMERICAN EAGLES                  -            ALIEN PANTHERS ALIENS
Cei 4 fantastici                 -                              TNT
Elixir Junior                    -                            4Team
Shooting Stars                   -                     Wonder Women
Gangs of New Pork                -                    Honey Badgers

WINNERS OF ROUND NO:1
Gangs of New Pork                 -  7.25
Wonder Women                      -  8.00
Elixir Junior                     -  6.62
TNT                               -  7.75
AMERICAN EAGLES                   -  8.25
ATOMIC ICE                        -  7.75
FLAMING TIGERS                    -  7.38
FUSION                            -  7.00
MIGHTY GRASSHOPPERS               -  7.38
SERPENTS                          -  6.88
SILVER JETS                       -  6.88
SPRINTERS                         -  9.50
STONE CRUSHERS                    -  7.75
TANGERINES                        -  7.00
TERMINATORS                       -  8.50
TIGERS                            -  7.50

--- ROUND NO:2
Gangs of New Pork                -                     Wonder Women
Elixir Junior                    -                              TNT
AMERICAN EAGLES                  -                       ATOMIC ICE
FLAMING TIGERS                   -                           FUSION
MIGHTY GRASSHOPPERS              -                         SERPENTS
SILVER JETS                      -                        SPRINTERS
STONE CRUSHERS                   -                       TANGERINES
TERMINATORS                      -                           TIGERS

WINNERS OF ROUND NO:2
TERMINATORS                       -  9.50
STONE CRUSHERS                    -  8.75
SPRINTERS                         -  10.50
MIGHTY GRASSHOPPERS               -  8.38
FLAMING TIGERS                    -  8.38
AMERICAN EAGLES                   -  9.25
TNT                               -  8.75
Wonder Women                      -  9.00

--- ROUND NO:3
TERMINATORS                      -                   STONE CRUSHERS
SPRINTERS                        -              MIGHTY GRASSHOPPERS
FLAMING TIGERS                   -                  AMERICAN EAGLES
TNT                              -                     Wonder Women

WINNERS OF ROUND NO:3
Wonder Women                      -  10.00
AMERICAN EAGLES                   -  10.25
SPRINTERS                         -  11.50
TERMINATORS                       -  10.50

--- ROUND NO:4
Wonder Women                     -                  AMERICAN EAGLES
SPRINTERS                        -                      TERMINATORS

WINNERS OF ROUND NO:4
SPRINTERS                         -  12.50
AMERICAN EAGLES                   -  11.25

--- ROUND NO:5
SPRINTERS                        -                  AMERICAN EAGLES

WINNERS OF ROUND NO:5
SPRINTERS                         -  13.50

TOP 8 TEAMS:
SPRINTERS                         -  10.50
TERMINATORS                       -  9.50
AMERICAN EAGLES                   -  9.25
Wonder Women                      -  9.00
TNT                               -  8.75
STONE CRUSHERS                    -  8.75
MIGHTY GRASSHOPPERS               -  8.38
FLAMING TIGERS                    -  8.38

THE LEVEL 2 TEAMS ARE: 
SPRINTERS
AMERICAN EAGLES
TNT
MIGHTY GRASSHOPPERS
