Fratii Camataru
Cei 4 fantastici
Cercetasele
Sirenele
Winner
TNT
Cota 50
Monster
Cozonacu si Stomacu
Elixir Junior
L & M
Tunetul
Big Hands Hit Hard
Pic si Poc
Legalize
Romanian Survivers Team
Do Not Stop
Flavius*2
Pink Flowers
Savage
Eugenia
Clanu Nicula
Night Eagels
Loly & Boly
The Skyrynners
4Team
Castigatorii
Extrem Boys
Jiga Dragos
Shooting Stars
Fear the Fearless
Ferocious Killers
Goal Diggers
Wonder Women
The Abusement Park
The Drifters
Mad Cow Disease
Gangs of New Pork
We Talk A Lot
Chafing the Dream
Awkward Armadillos
Honey Badgers
Between a Walk and a Hard Pace
Fargo Woodchippers
The Big Egos
Son of Pitch
We Got the Runs
Don’t Stop Ballieving
That Better Team
The Waiver Wire
