VALLEY GIRLS
UN MELLOW YELLOW
TUFF-E-NUFF
TIMBERWOLVES
TIDAL WAVES
TERMINATORS
TEAM ROCKETS
TEAL TITANS
TARANTULAS
SWEETHEARTS
SUNFLOWER GIRLS
SUGER BEES
STRIKERS
STINGRAYS
STAR SHOOTERS
SPLASH
SPEEDY TURTLES
SPARK PLUGS
SNOW DEVILS
SMASHING PUMPKINS
SILVER PANTHERS
SILVER BUTTERFLIES
SECURITY SMURFS
MONEY
MIND TRIP
MIGHTY DUCKS
MERCENARIES
MEAN GREEN ALIENS
MAROON MADNESS
MANARCHS
MAD DOGS
FUGITIVES
FLYING DRAGONS
FLASH
FLAMING TIGERS
FIRE STRIKERS
FIRE ANTS
FIGHTING IRISH
FALCONS
AVALANCHE
ASH KICKERS
ANTEATERS
ANACONDAS
AMERICAN BABES
ALIGATORS
0% ANGELS
Cei 3 muschetari
Winner
Mistretii Atomici
Elixir Junior
Black swans
Legalize
Pufuletii
Konfetti
The Skyrynners
MO si F.O.C.A
Shooting Stars
Defending Champs
The Abusement Park
Chunky Monkees
Chafing the Dream
Ibuprofen and Ben Gay
The Big Egos
The Waiver Wire
