VELOCE CHICKS
UL TRA VIOLETS
TURBO CHARGERS
TOUCANS
TNT
TIGER LlLL YS
TEH DRAGONS
TEAM BUBBLICIOUS
TARANTULAS
SURGE
SUPER SISTERS
SUN DRAGONS
STRIKING COBRAS
STINGRAYS
STARLITE WARRIORS
SPRINTERS
SPEED DEMONS
SPARKLE GIRLS
SOCCER STARS
SOCCER BRA TS
SNOW QUEENS
SMASHING CLOVERS
SKITTLES
SILVER STRIKE
SILVER KNIGHTS
SHOOTING STARS
SHARK BUSTERS
SCREAMING EAGLES
SABRES
MUD DOGS
MIRAGE
MIGHTY SONS
MIGHTY LIONS
MIDNIGHT RAIDERS
MEN IN BLUE
MAROON MONKEYS
MAJOR TROUBLE
FURY
FLYING DRAGONS
FLAMES
FIREHAWKS
FIREBOLTS
FIRE BLASTERS
FIGHTING IRISH
AZTEC
ATLAS
ANNIHILATORS
AMERICAN EAGLES
ALIGATORS
Fratii Camataru
Specii
Monster
Iuby Duby
Legalize
Free runing boys
Clanu Nicula
Fair Play
Jiga Dragos
Defending Champs
The Drifters
Magnificent Maniacs
Between a Walk and a Hard Pace
Backhanded Compliments
The Waiver Wire

--- ROUND NO:1
VELOCE CHICKS                    -                   UL TRA VIOLETS
TURBO CHARGERS                   -                          TOUCANS
TNT                              -                    TIGER LlLL YS
TEH DRAGONS                      -                 TEAM BUBBLICIOUS
TARANTULAS                       -                            SURGE
SUPER SISTERS                    -                      SUN DRAGONS
STRIKING COBRAS                  -                        STINGRAYS
STARLITE WARRIORS                -                        SPRINTERS
SPEED DEMONS                     -                    SPARKLE GIRLS
SOCCER STARS                     -                    SOCCER BRA TS
SNOW QUEENS                      -                 SMASHING CLOVERS
SKITTLES                         -                    SILVER STRIKE
SILVER KNIGHTS                   -                   SHOOTING STARS
SHARK BUSTERS                    -                 SCREAMING EAGLES
SABRES                           -                         MUD DOGS
MIRAGE                           -                      MIGHTY SONS
MIGHTY LIONS                     -                 MIDNIGHT RAIDERS
MEN IN BLUE                      -                   MAROON MONKEYS
MAJOR TROUBLE                    -                             FURY
FLYING DRAGONS                   -                           FLAMES
FIREHAWKS                        -                        FIREBOLTS
FIRE BLASTERS                    -                   FIGHTING IRISH
AZTEC                            -                            ATLAS
ANNIHILATORS                     -                  AMERICAN EAGLES
ALIGATORS                        -                  Fratii Camataru
Specii                           -                          Monster
Iuby Duby                        -                         Legalize
Free runing boys                 -                     Clanu Nicula
Fair Play                        -                      Jiga Dragos
Defending Champs                 -                     The Drifters
Magnificent Maniacs              -   Between a Walk and a Hard Pace
Backhanded Compliments           -                  The Waiver Wire

WINNERS OF ROUND NO:1
Backhanded Compliments            -  5.71
Between a Walk and a Hard Pace    -  7.00
Defending Champs                  -  8.57
Fair Play                         -  6.29
Clanu Nicula                      -  6.00
Iuby Duby                         -  6.43
Specii                            -  8.43
Fratii Camataru                   -  7.43
AMERICAN EAGLES                   -  8.00
AZTEC                             -  6.86
FIGHTING IRISH                    -  8.57
FIREHAWKS                         -  6.86
FLYING DRAGONS                    -  6.57
FURY                              -  6.71
MAROON MONKEYS                    -  7.14
MIGHTY LIONS                      -  7.14
MIRAGE                            -  6.86
MUD DOGS                          -  4.57
SCREAMING EAGLES                  -  7.43
SILVER KNIGHTS                    -  7.29
SILVER STRIKE                     -  4.43
SMASHING CLOVERS                  -  6.43
SOCCER STARS                      -  5.43
SPARKLE GIRLS                     -  6.86
SPRINTERS                         -  9.29
STRIKING COBRAS                   -  7.14
SUN DRAGONS                       -  6.71
SURGE                             -  7.00
TEH DRAGONS                       -  8.14
TIGER LlLL YS                     -  9.57
TOUCANS                           -  6.43
UL TRA VIOLETS                    -  7.00

--- ROUND NO:2
Backhanded Compliments           -   Between a Walk and a Hard Pace
Defending Champs                 -                        Fair Play
Clanu Nicula                     -                        Iuby Duby
Specii                           -                  Fratii Camataru
AMERICAN EAGLES                  -                            AZTEC
FIGHTING IRISH                   -                        FIREHAWKS
FLYING DRAGONS                   -                             FURY
MAROON MONKEYS                   -                     MIGHTY LIONS
MIRAGE                           -                         MUD DOGS
SCREAMING EAGLES                 -                   SILVER KNIGHTS
SILVER STRIKE                    -                 SMASHING CLOVERS
SOCCER STARS                     -                    SPARKLE GIRLS
SPRINTERS                        -                  STRIKING COBRAS
SUN DRAGONS                      -                            SURGE
TEH DRAGONS                      -                    TIGER LlLL YS
TOUCANS                          -                   UL TRA VIOLETS

WINNERS OF ROUND NO:2
UL TRA VIOLETS                    -  8.00
TIGER LlLL YS                     -  10.57
SURGE                             -  8.00
SPRINTERS                         -  10.29
SPARKLE GIRLS                     -  7.86
SMASHING CLOVERS                  -  7.43
SCREAMING EAGLES                  -  8.43
MIRAGE                            -  7.86
MIGHTY LIONS                      -  8.14
FURY                              -  7.71
FIGHTING IRISH                    -  9.57
AMERICAN EAGLES                   -  9.00
Specii                            -  9.43
Iuby Duby                         -  7.43
Defending Champs                  -  9.57
Between a Walk and a Hard Pace    -  8.00

--- ROUND NO:3
UL TRA VIOLETS                   -                    TIGER LlLL YS
SURGE                            -                        SPRINTERS
SPARKLE GIRLS                    -                 SMASHING CLOVERS
SCREAMING EAGLES                 -                           MIRAGE
MIGHTY LIONS                     -                             FURY
FIGHTING IRISH                   -                  AMERICAN EAGLES
Specii                           -                        Iuby Duby
Defending Champs                 -   Between a Walk and a Hard Pace

WINNERS OF ROUND NO:3
Defending Champs                  -  10.57
Specii                            -  10.43
FIGHTING IRISH                    -  10.57
MIGHTY LIONS                      -  9.14
SCREAMING EAGLES                  -  9.43
SPARKLE GIRLS                     -  8.86
SPRINTERS                         -  11.29
TIGER LlLL YS                     -  11.57

--- ROUND NO:4
Defending Champs                 -                           Specii
FIGHTING IRISH                   -                     MIGHTY LIONS
SCREAMING EAGLES                 -                    SPARKLE GIRLS
SPRINTERS                        -                    TIGER LlLL YS

WINNERS OF ROUND NO:4
TIGER LlLL YS                     -  12.57
SCREAMING EAGLES                  -  10.43
FIGHTING IRISH                    -  11.57
Defending Champs                  -  11.57

--- ROUND NO:5
TIGER LlLL YS                    -                 SCREAMING EAGLES
FIGHTING IRISH                   -                 Defending Champs

WINNERS OF ROUND NO:5
Defending Champs                  -  12.57
TIGER LlLL YS                     -  13.57

--- ROUND NO:6
Defending Champs                 -                    TIGER LlLL YS

WINNERS OF ROUND NO:6
TIGER LlLL YS                     -  14.57
