VENOM
VALLEY GIRLS
UL TRA VIOLETS
TULIPS
TSUNAMI
TOUCANS
TLC
TIMBERWOLVES
TIGERS
TIGER LlLL YS
TERRIFIC TIGERS
TERMINATORS
TEEIE WAHINES
TEAM KAOS
TEAM BUBBLICIOUS
TEAL TITANS
TAZMANIAN DEVILS
TANGERINES
T -DAWGS
SWEETHEARTS
SUNKISSED
SUGAR PLUMS
SUGER BEES
STRIKING CANDY CANES
STRIKE FORCE
STARS
STARFISH
STAR SHOOTERS
STAR BURSTS
SPRINTERS
SPITFIRES
SPEEDY TURTLES
SPEED DEMONS
SPEED
SPACE BABES
SOCCER DIVAS
SOCCER ANGELS
SMURF-U
SILVER STARS
SILVER SHARKS
SILVER JETS
SILVER BUTTERFLIES
SHARK ATTACK
SERPENTS
SEALS
MYSTICS
MUD DOGS
MONARCHS
MOHAWKS
MIND TRIP
MIGHTY RAPTORS
MIGHTY MANIACS
MIGHTY GRASSHOPPERS
MIGHTY BLUE ANGELS
MERCURY
MEAN GREEN GECKOS
MEAN GREEN ALIENS
MAROON MONKEYS
MARLINS
MANTIS
MAG PIES
MAGENTA RAVENS
FUSION
FUGITIVES
FRAZZLE DAZZLE
FLYERS
FLASH
FLAME KICKERS
FIRE KRAKERS
FLAMING TIGERS
FLAMING DRAGONS
FIREBOLTS
FIREBALLS
FIRE STRIKERS
FIRE GIRLS
FIRE BALLS
FIRE ANGELS
FIRE
FIGHTING IRISH
FARIA FARMS
FALCON
AVALANCHE
ATOMIC ICE
ARSENALS
ANGELS WITH ATTITUDE
ANGELS
AMERICAN EAGLES
ALMOST ANGELS
ALLIGATORS
ALIEN PANTHERS ALIENS
AGUlLAS
0% ANGELS
Fratii Camataru
Cei 4 fantastici
Cercetasele
Sirenele
Winner
TNT
Cota 50
Monster
Cozonacu si Stomacu
L & M
Big Hands Hit Hard
Pic si Poc
Legalize
Do Not Stop
Flavius*2
Eugenia
Clanu Nicula
Night Eagels
The Skyrynners
4Team
Castigatorii
Extrem Boys
Shooting Stars
Fear the Fearless
Ferocious Killers
Goal Diggers
Wonder Women
The Abusement Park
The Drifters
Mad Cow Disease
Gangs of New Pork
Chafing the Dream
Honey Badgers
Between a Walk and a Hard Pace
The Big Egos
The Waiver Wire

--- ROUND NO:1
VENOM                            -                     VALLEY GIRLS
UL TRA VIOLETS                   -                           TULIPS
TSUNAMI                          -                          TOUCANS
TLC                              -                     TIMBERWOLVES
TIGERS                           -                    TIGER LlLL YS
TERRIFIC TIGERS                  -                      TERMINATORS
TEEIE WAHINES                    -                        TEAM KAOS
TEAM BUBBLICIOUS                 -                      TEAL TITANS
TAZMANIAN DEVILS                 -                       TANGERINES
T -DAWGS                         -                      SWEETHEARTS
SUNKISSED                        -                      SUGAR PLUMS
SUGER BEES                       -             STRIKING CANDY CANES
STRIKE FORCE                     -                            STARS
STARFISH                         -                    STAR SHOOTERS
STAR BURSTS                      -                        SPRINTERS
SPITFIRES                        -                   SPEEDY TURTLES
SPEED DEMONS                     -                            SPEED
SPACE BABES                      -                     SOCCER DIVAS
SOCCER ANGELS                    -                          SMURF-U
SILVER STARS                     -                    SILVER SHARKS
SILVER JETS                      -               SILVER BUTTERFLIES
SHARK ATTACK                     -                         SERPENTS
SEALS                            -                          MYSTICS
MUD DOGS                         -                         MONARCHS
MOHAWKS                          -                        MIND TRIP
MIGHTY RAPTORS                   -                   MIGHTY MANIACS
MIGHTY GRASSHOPPERS              -               MIGHTY BLUE ANGELS
MERCURY                          -                MEAN GREEN GECKOS
MEAN GREEN ALIENS                -                   MAROON MONKEYS
MARLINS                          -                           MANTIS
MAG PIES                         -                   MAGENTA RAVENS
FUSION                           -                        FUGITIVES
FRAZZLE DAZZLE                   -                           FLYERS
FLASH                            -                    FLAME KICKERS
FIRE KRAKERS                     -                   FLAMING TIGERS
FLAMING DRAGONS                  -                        FIREBOLTS
FIREBALLS                        -                    FIRE STRIKERS
FIRE GIRLS                       -                       FIRE BALLS
FIRE ANGELS                      -                             FIRE
FIGHTING IRISH                   -                      FARIA FARMS
FALCON                           -                        AVALANCHE
ATOMIC ICE                       -                         ARSENALS
ANGELS WITH ATTITUDE             -                           ANGELS
AMERICAN EAGLES                  -                    ALMOST ANGELS
ALLIGATORS                       -            ALIEN PANTHERS ALIENS
AGUlLAS                          -                        0% ANGELS
Fratii Camataru                  -                 Cei 4 fantastici
Cercetasele                      -                         Sirenele
Winner                           -                              TNT
Cota 50                          -                          Monster
Cozonacu si Stomacu              -                            L & M
Big Hands Hit Hard               -                       Pic si Poc
Legalize                         -                      Do Not Stop
Flavius*2                        -                          Eugenia
Clanu Nicula                     -                     Night Eagels
The Skyrynners                   -                            4Team
Castigatorii                     -                      Extrem Boys
Shooting Stars                   -                Fear the Fearless
Ferocious Killers                -                     Goal Diggers
Wonder Women                     -               The Abusement Park
The Drifters                     -                  Mad Cow Disease
Gangs of New Pork                -                Chafing the Dream
Honey Badgers                    -   Between a Walk and a Hard Pace
The Big Egos                     -                  The Waiver Wire

WINNERS OF ROUND NO:1
The Waiver Wire                   -  9.00
Honey Badgers                     -  10.50
Chafing the Dream                 -  10.00
The Drifters                      -  7.50
The Abusement Park                -  9.50
Goal Diggers                      -  9.00
Shooting Stars                    -  9.50
Castigatorii                      -  7.50
The Skyrynners                    -  8.00
Night Eagels                      -  7.50
Flavius*2                         -  8.50
Do Not Stop                       -  7.00
Pic si Poc                        -  7.50
L & M                             -  8.50
Monster                           -  7.00
Winner                            -  8.00
Sirenele                          -  9.50
Cei 4 fantastici                  -  8.00
AGUlLAS                           -  8.50
ALIEN PANTHERS ALIENS             -  7.00
AMERICAN EAGLES                   -  9.50
ANGELS WITH ATTITUDE              -  9.50
ATOMIC ICE                        -  10.00
FALCON                            -  9.00
FIGHTING IRISH                    -  8.50
FIRE                              -  8.50
FIRE BALLS                        -  8.00
FIREBALLS                         -  6.50
FIREBOLTS                         -  7.50
FLAMING TIGERS                    -  9.00
FLASH                             -  7.50
FRAZZLE DAZZLE                    -  8.50
FUGITIVES                         -  9.00
MAGENTA RAVENS                    -  9.00
MANTIS                            -  9.00
MEAN GREEN ALIENS                 -  9.00
MEAN GREEN GECKOS                 -  7.00
MIGHTY GRASSHOPPERS               -  10.00
MIGHTY MANIACS                    -  8.00
MIND TRIP                         -  8.50
MONARCHS                          -  6.50
SEALS                             -  7.00
SERPENTS                          -  10.50
SILVER BUTTERFLIES                -  7.50
SILVER STARS                      -  9.50
SMURF-U                           -  8.50
SPACE BABES                       -  7.50
SPEED                             -  10.00
SPEEDY TURTLES                    -  9.50
STAR BURSTS                       -  10.00
STARFISH                          -  9.50
STRIKE FORCE                      -  9.50
STRIKING CANDY CANES              -  9.50
SUNKISSED                         -  9.00
SWEETHEARTS                       -  9.00
TAZMANIAN DEVILS                  -  8.50
TEAL TITANS                       -  9.50
TEAM KAOS                         -  8.00
TERRIFIC TIGERS                   -  9.50
TIGER LlLL YS                     -  10.50
TIMBERWOLVES                      -  10.00
TOUCANS                           -  8.00
TULIPS                            -  10.50
VENOM                             -  8.50

--- ROUND NO:2
The Waiver Wire                  -                    Honey Badgers
Chafing the Dream                -                     The Drifters
The Abusement Park               -                     Goal Diggers
Shooting Stars                   -                     Castigatorii
The Skyrynners                   -                     Night Eagels
Flavius*2                        -                      Do Not Stop
Pic si Poc                       -                            L & M
Monster                          -                           Winner
Sirenele                         -                 Cei 4 fantastici
AGUlLAS                          -            ALIEN PANTHERS ALIENS
AMERICAN EAGLES                  -             ANGELS WITH ATTITUDE
ATOMIC ICE                       -                           FALCON
FIGHTING IRISH                   -                             FIRE
FIRE BALLS                       -                        FIREBALLS
FIREBOLTS                        -                   FLAMING TIGERS
FLASH                            -                   FRAZZLE DAZZLE
FUGITIVES                        -                   MAGENTA RAVENS
MANTIS                           -                MEAN GREEN ALIENS
MEAN GREEN GECKOS                -              MIGHTY GRASSHOPPERS
MIGHTY MANIACS                   -                        MIND TRIP
MONARCHS                         -                            SEALS
SERPENTS                         -               SILVER BUTTERFLIES
SILVER STARS                     -                          SMURF-U
SPACE BABES                      -                            SPEED
SPEEDY TURTLES                   -                      STAR BURSTS
STARFISH                         -                     STRIKE FORCE
STRIKING CANDY CANES             -                        SUNKISSED
SWEETHEARTS                      -                 TAZMANIAN DEVILS
TEAL TITANS                      -                        TEAM KAOS
TERRIFIC TIGERS                  -                    TIGER LlLL YS
TIMBERWOLVES                     -                          TOUCANS
TULIPS                           -                            VENOM

WINNERS OF ROUND NO:2
TULIPS                            -  11.50
TIMBERWOLVES                      -  11.00
TIGER LlLL YS                     -  11.50
TEAL TITANS                       -  10.50
SWEETHEARTS                       -  10.00
STRIKING CANDY CANES              -  10.50
STRIKE FORCE                      -  10.50
STAR BURSTS                       -  11.00
SPEED                             -  11.00
SILVER STARS                      -  10.50
SERPENTS                          -  11.50
SEALS                             -  8.00
MIND TRIP                         -  9.50
MIGHTY GRASSHOPPERS               -  11.00
MEAN GREEN ALIENS                 -  10.00
MAGENTA RAVENS                    -  10.00
FRAZZLE DAZZLE                    -  9.50
FLAMING TIGERS                    -  10.00
FIRE BALLS                        -  9.00
FIRE                              -  9.50
ATOMIC ICE                        -  11.00
ANGELS WITH ATTITUDE              -  10.50
AGUlLAS                           -  9.50
Sirenele                          -  10.50
Winner                            -  9.00
L & M                             -  9.50
Flavius*2                         -  9.50
The Skyrynners                    -  9.00
Shooting Stars                    -  10.50
The Abusement Park                -  10.50
Chafing the Dream                 -  11.00
Honey Badgers                     -  11.50

--- ROUND NO:3
TULIPS                           -                     TIMBERWOLVES
TIGER LlLL YS                    -                      TEAL TITANS
SWEETHEARTS                      -             STRIKING CANDY CANES
STRIKE FORCE                     -                      STAR BURSTS
SPEED                            -                     SILVER STARS
SERPENTS                         -                            SEALS
MIND TRIP                        -              MIGHTY GRASSHOPPERS
MEAN GREEN ALIENS                -                   MAGENTA RAVENS
FRAZZLE DAZZLE                   -                   FLAMING TIGERS
FIRE BALLS                       -                             FIRE
ATOMIC ICE                       -             ANGELS WITH ATTITUDE
AGUlLAS                          -                         Sirenele
Winner                           -                            L & M
Flavius*2                        -                   The Skyrynners
Shooting Stars                   -               The Abusement Park
Chafing the Dream                -                    Honey Badgers

WINNERS OF ROUND NO:3
Honey Badgers                     -  12.50
The Abusement Park                -  11.50
Flavius*2                         -  10.50
L & M                             -  10.50
Sirenele                          -  11.50
ATOMIC ICE                        -  12.00
FIRE                              -  10.50
FLAMING TIGERS                    -  11.00
MAGENTA RAVENS                    -  11.00
MIGHTY GRASSHOPPERS               -  12.00
SERPENTS                          -  12.50
SPEED                             -  12.00
STAR BURSTS                       -  12.00
STRIKING CANDY CANES              -  11.50
TIGER LlLL YS                     -  12.50
TULIPS                            -  12.50

--- ROUND NO:4
Honey Badgers                    -               The Abusement Park
Flavius*2                        -                            L & M
Sirenele                         -                       ATOMIC ICE
FIRE                             -                   FLAMING TIGERS
MAGENTA RAVENS                   -              MIGHTY GRASSHOPPERS
SERPENTS                         -                            SPEED
STAR BURSTS                      -             STRIKING CANDY CANES
TIGER LlLL YS                    -                           TULIPS

WINNERS OF ROUND NO:4
TULIPS                            -  13.50
STAR BURSTS                       -  13.00
SERPENTS                          -  13.50
MIGHTY GRASSHOPPERS               -  13.00
FLAMING TIGERS                    -  12.00
ATOMIC ICE                        -  13.00
L & M                             -  11.50
Honey Badgers                     -  13.50

--- ROUND NO:5
TULIPS                           -                      STAR BURSTS
SERPENTS                         -              MIGHTY GRASSHOPPERS
FLAMING TIGERS                   -                       ATOMIC ICE
L & M                            -                    Honey Badgers

WINNERS OF ROUND NO:5
Honey Badgers                     -  14.50
ATOMIC ICE                        -  14.00
SERPENTS                          -  14.50
TULIPS                            -  14.50

--- ROUND NO:6
Honey Badgers                    -                       ATOMIC ICE
SERPENTS                         -                           TULIPS

WINNERS OF ROUND NO:6
TULIPS                            -  15.50
Honey Badgers                     -  15.50

--- ROUND NO:7
TULIPS                           -                    Honey Badgers

WINNERS OF ROUND NO:7
Honey Badgers                     -  16.50
